#
# A fatal error has been detected by the Java Runtime Environment:
#
#  SIGSEGV (0xb) at pc=0x0000000120d91561, pid=4702, tid=2571
#
# JRE version: Java(TM) SE Runtime Environment (8.0_40-b27) (build 1.8.0_40-b27)
# Java VM: Java HotSpot(TM) 64-Bit Server VM (25.40-b25 mixed mode bsd-amd64 compressed oops)
# Problematic frame:
# C  [libglass.dylib+0x15561]  GlassScreenDidChangeScreenParameters+0x21
#
# Failed to write core dump. Core dumps have been disabled. To enable core dumping, try "ulimit -c unlimited" before starting Java again
#
# If you would like to submit a bug report, please visit:
#   http://bugreport.java.com/bugreport/crash.jsp
#

---------------  T H R E A D  ---------------

Current thread is native thread

siginfo: si_signo: 11 (SIGSEGV), si_code: 1 (SEGV_MAPERR), si_addr: 0x0000000000000000

Registers:
RAX=0x0000000120dc3ac8, RBX=0x0000000000000000, RCX=0x0000000000000103, RDX=0x0000010000000100
RSP=0x00007fff5622cc50, RBP=0x00007fff5622cc60, RSI=0x00007ffe41f02270, RDI=0x0000000000000000
R8 =0x0000000000000040, R9 =0x00007fff745f71e0, R10=0xffffffffffffffff, R11=0x0000000000000246
R12=0x00007ffe41f33e30, R13=0x00007ffe41e6d9d0, R14=0x00007ffe41e6da90, R15=0x0000000000000000
RIP=0x0000000120d91561, EFLAGS=0x0000000000010246, ERR=0x0000000000000004
  TRAPNO=0x000000000000000e

Top of Stack: (sp=0x00007fff5622cc50)
0x00007fff5622cc50:   00007fff5622cca8 00007ffe41e6da90
0x00007fff5622cc60:   00007fff5622cc70 00007fff92f19bbc
0x00007fff5622cc70:   00007fff5622cc90 00007fff92f19b4f
0x00007fff5622cc80:   0000000000000000 0000000000000000
0x00007fff5622cc90:   00007fff5622cd00 00007fff92f19ac7
0x00007fff5622cca0:   00007fff932da6c0 00007fff75ef40a0
0x00007fff5622ccb0:   0000000042000000 00007fff92f19b10
0x00007fff5622ccc0:   00007fff75b80720 00007ffe41e6d9d0
0x00007fff5622ccd0:   00007ffe41f33e30 00007fff5622d4a8
0x00007fff5622cce0:   00007fff75cad780 00007fff5622d4a8
0x00007fff5622ccf0:   00007ffe41e6d9d0 00007fff932d99e2
0x00007fff5622cd00:   00007fff5622cd40 00007fff92f19832
0x00007fff5622cd10:   00007fff5622d320 0000000000000000
0x00007fff5622cd20:   00007fff75cad780 00007fff5622d4a8
0x00007fff5622cd30:   00007fff8bc9e4c0 00007fff932d99e2
0x00007fff5622cd40:   00007fff5622d450 00007fff92ed65e2
0x00007fff5622cd50:   00007ffe41c5ab00 0000000000000002
0x00007fff5622cd60:   0000000000000000 00007ffe41d0c7e0
0x00007fff5622cd70:   00007ffe42007048 00007ffe41f200c0
0x00007fff5622cd80:   0000000000000000 00007ffe41e6daf0
0x00007fff5622cd90:   0000000000000000 0000000000000000
0x00007fff5622cda0:   00007fff75bbdbc0 00007fff5622d320
0x00007fff5622cdb0:   0000000000000001 0000000000000100
0x00007fff5622cdc0:   0000000000000b00 00007fff5622d220
0x00007fff5622cdd0:   0000000000000000 0000000000000100
0x00007fff5622cde0:   40958c0000000000 00007fff75cad780
0x00007fff5622cdf0:   0000000000000000 00007fff75b81500
0x00007fff5622ce00:   00007fff75cad780 0000000000000000
0x00007fff5622ce10:   00007fff75b81500 00007ffe41f33c90
0x00007fff5622ce20:   00007ffe41c5ab00 00007fff9282c1ab
0x00007fff5622ce30:   0000000000157701 00007fff74c4f300
0x00007fff5622ce40:   0000000000157700 0000000074c4f300 

Instructions: (pc=0x0000000120d91561)
0x0000000120d91541:   48 89 e5 41 56 53 48 8d 05 72 26 03 00 48 83 38
0x0000000120d91551:   00 48 89 fb 75 72 48 8d 05 6a 25 03 00 48 8b 30
0x0000000120d91561:   48 8b 03 48 8d 15 74 9a 01 00 48 8d 0d 2e 70 01
0x0000000120d91571:   00 48 89 df ff 90 88 03 00 00 48 8d 0d 3e 26 03 

Register to memory mapping:

RAX=0x0000000120dc3ac8: jScreenClass+0 in /Library/Java/JavaVirtualMachines/jdk1.8.0_40.jdk/Contents/Home/jre/lib/libglass.dylib at 0x0000000120d7c000
RBX=0x0000000000000000 is an unknown value
RCX=0x0000000000000103 is an unknown value
RDX=0x0000010000000100 is an unknown value
RSP=0x00007fff5622cc50 is an unknown value
RBP=0x00007fff5622cc60 is an unknown value
RSI=0x00007ffe41f02270 is a global jni handle
RDI=0x0000000000000000 is an unknown value
R8 =0x0000000000000040 is an unknown value
R9 =0x00007fff745f71e0: __sFX+0x1c0 in /usr/lib/system/libsystem_c.dylib at 0x00007fff889c5000
R10=0xffffffffffffffff is an unknown value
R11=0x0000000000000246 is an unknown value
R12=0x00007ffe41f33e30 is an unknown value
R13=0x00007ffe41e6d9d0 is an unknown value
R14=0x00007ffe41e6da90 is an unknown value
R15=0x0000000000000000 is an unknown value


Stack: [0x00007fff55a30000,0x00007fff56230000],  sp=0x00007fff5622cc50,  free space=8179k
Native frames: (J=compiled Java code, j=interpreted, Vv=VM code, C=native code)
C  [libglass.dylib+0x15561]  GlassScreenDidChangeScreenParameters+0x21
C  [CoreFoundation+0xa0bbc]  __CFNOTIFICATIONCENTER_IS_CALLING_OUT_TO_AN_OBSERVER__+0xc
C  [CoreFoundation+0xa0b4f]  ___CFXRegistrationPost_block_invoke+0x3f
C  [CoreFoundation+0xa0ac7]  _CFXRegistrationPost+0x197
C  [CoreFoundation+0xa0832]  ___CFXNotificationPost_block_invoke+0x32
C  [CoreFoundation+0x5d5e2]  -[_CFXNotificationRegistrar find:object:observer:enumerator:]+0x782
C  [CoreFoundation+0x5c835]  _CFXNotificationPost+0x2b5
C  [Foundation+0x717a]  -[NSNotificationCenter postNotificationName:object:userInfo:]+0x42
C  [AppKit+0x41c08b]  -[NSApplication _reactToScreenInvalidationImmediately:]+0x17f
C  [AppKit+0x41bedc]  __44-[NSApplication _reactToScreenInvalidation:]_block_invoke+0x3b
C  [CoreFoundation+0xaa4ac]  __CFRUNLOOP_IS_CALLING_OUT_TO_A_BLOCK__+0xc
C  [CoreFoundation+0x89d05]  __CFRunLoopDoBlocks+0x155
C  [CoreFoundation+0x89a6b]  __CFRunLoopRun+0x92b
C  [CoreFoundation+0x88ed8]  CFRunLoopRunSpecific+0x128
C  [java+0x6490]  CreateExecutionEnvironment+0x367
C  [java+0x221c]  JLI_Launch+0x7a0
C  [java+0x84ed]  main+0x65
C  [java+0x1a74]  start+0x34


---------------  P R O C E S S  ---------------

VM state:at safepoint (normal execution)

VM Mutex/Monitor currently owned by a thread:  ([mutex/lock_event])
[0x00007ffe41d03400] Threads_lock - owner thread: 0x00007ffe43000800

Heap:
 PSYoungGen      total 18944K, used 11209K [0x00000007aab00000, 0x00000007ac000000, 0x00000007c0000000)
  eden space 16384K, 68% used [0x00000007aab00000,0x00000007ab5f2540,0x00000007abb00000)
  from space 2560K, 0% used [0x00000007abd80000,0x00000007abd80000,0x00000007ac000000)
  to   space 2560K, 0% used [0x00000007abb00000,0x00000007abb00000,0x00000007abd80000)
 ParOldGen       total 44032K, used 0K [0x0000000780000000, 0x0000000782b00000, 0x00000007aab00000)
  object space 44032K, 0% used [0x0000000780000000,0x0000000780000000,0x0000000782b00000)
 Metaspace       used 7283K, capacity 7572K, committed 7680K, reserved 1056768K
  class space    used 866K, capacity 965K, committed 1024K, reserved 1048576K

Card table byte_map: [0x000000011a7d1000,0x000000011a9d2000] byte_map_base: 0x0000000116bd1000

Marking Bits: (ParMarkBitMap*) 0x000000010a50e7a0
 Begin Bits: [0x000000011ab28000, 0x000000011bb28000)
 End Bits:   [0x000000011bb28000, 0x000000011cb28000)

Polling page: 0x000000010abfc000

CodeCache: size=245760Kb used=2112Kb max_used=2112Kb free=243647Kb
 bounds [0x000000010b411000, 0x000000010b681000, 0x000000011a411000]
 total_blobs=864 nmethods=476 adapters=302
 compilation: enabled

Compilation events (10 events):
Event: 0.861 Thread 0x00007ffe4302b800 nmethod 470 0x000000010b620350 code [0x000000010b6204a0, 0x000000010b6208c8]
Event: 0.862 Thread 0x00007ffe4302c800 nmethod 472 0x000000010b61f110 code [0x000000010b61f320, 0x000000010b61feb8]
Event: 0.863 Thread 0x00007ffe4302c800  473       1       java.lang.System::getSecurityManager (4 bytes)
Event: 0.863 Thread 0x00007ffe4302c800 nmethod 473 0x000000010b61ee90 code [0x000000010b61efe0, 0x000000010b61f0d0]
Event: 0.863 Thread 0x00007ffe4302c800  474       3       java.net.URLStreamHandler::setURL (40 bytes)
Event: 0.864 Thread 0x00007ffe4302c800 nmethod 474 0x000000010b61e750 code [0x000000010b61e8e0, 0x000000010b61ecd8]
Event: 0.864 Thread 0x00007ffe4302c800  475   !   3       java.net.URL::set (114 bytes)
Event: 0.865 Thread 0x00007ffe4302c800 nmethod 475 0x000000010b61d350 code [0x000000010b61d540, 0x000000010b61e098]
Event: 0.866 Thread 0x00007ffe4302c800  476       3       java.nio.CharBuffer::arrayOffset (35 bytes)
Event: 0.867 Thread 0x00007ffe4302c800 nmethod 476 0x000000010b621490 code [0x000000010b621620, 0x000000010b621938]

GC Heap History (0 events):
No events

Deoptimization events (1 events):
Event: 0.794 Thread 0x00007ffe420ca800 Uncommon trap: reason=unstable_if action=reinterpret pc=0x000000010b5c4d44 method=java.lang.String.replace(CC)Ljava/lang/String; @ 26

Internal exceptions (10 events):
Event: 0.098 Thread 0x00007ffe4200b000 Exception <a 'java/lang/NoSuchMethodError': Method sun.misc.Unsafe.defineClass(Ljava/lang/String;[BII)Ljava/lang/Class; name or signature does not match> (0x00000007aab12c10) thrown at [/Users/java_re/workspace/8-2-build-macosx-x86_64/jdk8u40/3153/hotspot
Event: 0.098 Thread 0x00007ffe4200b000 Exception <a 'java/lang/NoSuchMethodError': Method sun.misc.Unsafe.prefetchRead(Ljava/lang/Object;J)V name or signature does not match> (0x00000007aab12ea0) thrown at [/Users/java_re/workspace/8-2-build-macosx-x86_64/jdk8u40/3153/hotspot/src/share/vm/prim
Event: 0.262 Thread 0x00007ffe4200b000 Exception <a 'java/lang/NoSuchFieldError': method resolution failed> (0x00000007aad49c98) thrown at [/Users/java_re/workspace/8-2-build-macosx-x86_64/jdk8u40/3153/hotspot/src/share/vm/prims/methodHandles.cpp, line 1125]
Event: 0.266 Thread 0x00007ffe4200b000 Exception <a 'java/lang/NoSuchFieldError': method resolution failed> (0x00000007aad58368) thrown at [/Users/java_re/workspace/8-2-build-macosx-x86_64/jdk8u40/3153/hotspot/src/share/vm/prims/methodHandles.cpp, line 1125]
Event: 0.301 Thread 0x00007ffe4200b000 Exception <a 'java/security/PrivilegedActionException'> (0x00000007aade4a80) thrown at [/Users/java_re/workspace/8-2-build-macosx-x86_64/jdk8u40/3153/hotspot/src/share/vm/prims/jvm.cpp, line 1382]
Event: 0.301 Thread 0x00007ffe4200b000 Exception <a 'java/security/PrivilegedActionException'> (0x00000007aade4c38) thrown at [/Users/java_re/workspace/8-2-build-macosx-x86_64/jdk8u40/3153/hotspot/src/share/vm/prims/jvm.cpp, line 1382]
Event: 0.302 Thread 0x00007ffe4200b000 Exception <a 'java/security/PrivilegedActionException'> (0x00000007aade7e28) thrown at [/Users/java_re/workspace/8-2-build-macosx-x86_64/jdk8u40/3153/hotspot/src/share/vm/prims/jvm.cpp, line 1382]
Event: 0.302 Thread 0x00007ffe4200b000 Exception <a 'java/security/PrivilegedActionException'> (0x00000007aade7fe0) thrown at [/Users/java_re/workspace/8-2-build-macosx-x86_64/jdk8u40/3153/hotspot/src/share/vm/prims/jvm.cpp, line 1382]
Event: 0.302 Thread 0x00007ffe4200b000 Exception <a 'java/lang/NullPointerException'> (0x00000007aade8778) thrown at [/Users/java_re/workspace/8-2-build-macosx-x86_64/jdk8u40/3153/hotspot/src/share/vm/interpreter/linkResolver.cpp, line 1178]
Event: 0.833 Thread 0x00007ffe4200b000 Exception <a 'java/lang/reflect/InvocationTargetException'> (0x00000007ab35bd10) thrown at [/Users/java_re/workspace/8-2-build-macosx-x86_64/jdk8u40/3153/hotspot/src/share/vm/runtime/reflection.cpp, line 1080]

Events (10 events):
Event: 0.866 loading class java/util/Formatter$Flags done
Event: 0.866 loading class java/util/Formatter$Conversion
Event: 0.866 loading class java/util/Formatter$Conversion done
Event: 0.866 loading class java/util/Formattable
Event: 0.866 loading class java/util/Formattable done
Event: 0.866 loading class java/util/IdentityHashMap$KeyIterator
Event: 0.867 loading class java/util/IdentityHashMap$IdentityHashMapIterator
Event: 0.867 loading class java/util/IdentityHashMap$IdentityHashMapIterator done
Event: 0.867 loading class java/util/IdentityHashMap$KeyIterator done
Event: 0.867 Executing VM operation: Exit


Dynamic libraries:
0x0000000003670000 	/System/Library/Frameworks/Cocoa.framework/Versions/A/Cocoa
0x0000000003670000 	/System/Library/Frameworks/Security.framework/Versions/A/Security
0x0000000003670000 	/System/Library/Frameworks/ApplicationServices.framework/Versions/A/ApplicationServices
0x0000000003670000 	/usr/lib/libz.1.dylib
0x0000000003670000 	/usr/lib/libSystem.B.dylib
0x0000000003670000 	/usr/lib/libobjc.A.dylib
0x0000000003670000 	/System/Library/Frameworks/CoreFoundation.framework/Versions/A/CoreFoundation
0x0000000003670000 	/System/Library/Frameworks/Foundation.framework/Versions/C/Foundation
0x0000000003670000 	/System/Library/Frameworks/AppKit.framework/Versions/C/AppKit
0x0000000003670000 	/System/Library/Frameworks/CoreData.framework/Versions/A/CoreData
0x0000000003670000 	/System/Library/PrivateFrameworks/RemoteViewServices.framework/Versions/A/RemoteViewServices
0x0000000003670000 	/System/Library/PrivateFrameworks/UIFoundation.framework/Versions/A/UIFoundation
0x0000000003670000 	/usr/lib/libScreenReader.dylib
0x0000000003670000 	/System/Library/Frameworks/Accelerate.framework/Versions/A/Accelerate
0x0000000003670000 	/System/Library/Frameworks/IOSurface.framework/Versions/A/IOSurface
0x0000000003670000 	/System/Library/Frameworks/AudioToolbox.framework/Versions/A/AudioToolbox
0x0000000003670000 	/System/Library/Frameworks/AudioUnit.framework/Versions/A/AudioUnit
0x0000000003670000 	/System/Library/PrivateFrameworks/DataDetectorsCore.framework/Versions/A/DataDetectorsCore
0x0000000003670000 	/System/Library/PrivateFrameworks/DesktopServicesPriv.framework/Versions/A/DesktopServicesPriv
0x0000000003670000 	/System/Library/Frameworks/Carbon.framework/Versions/A/Frameworks/HIToolbox.framework/Versions/A/HIToolbox
0x0000000003670000 	/System/Library/Frameworks/QuartzCore.framework/Versions/A/QuartzCore
0x0000000003670000 	/System/Library/Frameworks/Carbon.framework/Versions/A/Frameworks/SpeechRecognition.framework/Versions/A/SpeechRecognition
0x0000000003670000 	/usr/lib/libauto.dylib
0x0000000003670000 	/usr/lib/libicucore.A.dylib
0x0000000003670000 	/usr/lib/libxml2.2.dylib
0x0000000003670000 	/System/Library/PrivateFrameworks/CoreUI.framework/Versions/A/CoreUI
0x0000000003670000 	/System/Library/Frameworks/CoreAudio.framework/Versions/A/CoreAudio
0x0000000003670000 	/System/Library/Frameworks/DiskArbitration.framework/Versions/A/DiskArbitration
0x0000000003670000 	/usr/lib/liblangid.dylib
0x0000000003670000 	/System/Library/PrivateFrameworks/MultitouchSupport.framework/Versions/A/MultitouchSupport
0x0000000003670000 	/System/Library/Frameworks/IOKit.framework/Versions/A/IOKit
0x0000000003670000 	/usr/lib/libDiagnosticMessagesClient.dylib
0x0000000003670000 	/System/Library/Frameworks/CoreServices.framework/Versions/A/CoreServices
0x0000000003670000 	/System/Library/PrivateFrameworks/PerformanceAnalysis.framework/Versions/A/PerformanceAnalysis
0x0000000003670000 	/System/Library/PrivateFrameworks/GenerationalStorage.framework/Versions/A/GenerationalStorage
0x0000000003670000 	/System/Library/Frameworks/OpenGL.framework/Versions/A/OpenGL
0x0000000003670000 	/System/Library/PrivateFrameworks/Sharing.framework/Versions/A/Sharing
0x0000000003670000 	/System/Library/Frameworks/CoreGraphics.framework/Versions/A/CoreGraphics
0x0000000003670000 	/System/Library/Frameworks/CoreImage.framework/Versions/A/CoreImage
0x0000000003670000 	/System/Library/Frameworks/CoreText.framework/Versions/A/CoreText
0x0000000003670000 	/System/Library/Frameworks/ImageIO.framework/Versions/A/ImageIO
0x0000000003670000 	/System/Library/PrivateFrameworks/Backup.framework/Versions/A/Backup
0x0000000003670000 	/usr/lib/libextension.dylib
0x0000000003670000 	/usr/lib/libarchive.2.dylib
0x0000000003670000 	/System/Library/Frameworks/CFNetwork.framework/Versions/A/CFNetwork
0x0000000003670000 	/System/Library/Frameworks/SystemConfiguration.framework/Versions/A/SystemConfiguration
0x0000000003670000 	/usr/lib/libCRFSuite.dylib
0x0000000003670000 	/usr/lib/libc++.1.dylib
0x0000000003670000 	/usr/lib/libc++abi.dylib
0x0000000003670000 	/usr/lib/system/libcache.dylib
0x0000000003670000 	/usr/lib/system/libcommonCrypto.dylib
0x0000000003670000 	/usr/lib/system/libcompiler_rt.dylib
0x0000000003670000 	/usr/lib/system/libcopyfile.dylib
0x0000000003670000 	/usr/lib/system/libcorecrypto.dylib
0x0000000003670000 	/usr/lib/system/libdispatch.dylib
0x0000000003670000 	/usr/lib/system/libdyld.dylib
0x0000000003670000 	/usr/lib/system/libkeymgr.dylib
0x0000000003670000 	/usr/lib/system/liblaunch.dylib
0x0000000003670000 	/usr/lib/system/libmacho.dylib
0x0000000003670000 	/usr/lib/system/libquarantine.dylib
0x0000000003670000 	/usr/lib/system/libremovefile.dylib
0x0000000003670000 	/usr/lib/system/libsystem_asl.dylib
0x0000000003670000 	/usr/lib/system/libsystem_blocks.dylib
0x0000000003670000 	/usr/lib/system/libsystem_c.dylib
0x0000000003670000 	/usr/lib/system/libsystem_configuration.dylib
0x0000000003670000 	/usr/lib/system/libsystem_coreservices.dylib
0x0000000003670000 	/usr/lib/system/libsystem_coretls.dylib
0x0000000003670000 	/usr/lib/system/libsystem_dnssd.dylib
0x0000000003670000 	/usr/lib/system/libsystem_info.dylib
0x0000000003670000 	/usr/lib/system/libsystem_kernel.dylib
0x0000000003670000 	/usr/lib/system/libsystem_m.dylib
0x0000000003670000 	/usr/lib/system/libsystem_malloc.dylib
0x0000000003670000 	/usr/lib/system/libsystem_network.dylib
0x0000000003670000 	/usr/lib/system/libsystem_networkextension.dylib
0x0000000003670000 	/usr/lib/system/libsystem_notify.dylib
0x0000000003670000 	/usr/lib/system/libsystem_platform.dylib
0x0000000003670000 	/usr/lib/system/libsystem_pthread.dylib
0x0000000003670000 	/usr/lib/system/libsystem_sandbox.dylib
0x0000000003670000 	/usr/lib/system/libsystem_secinit.dylib
0x0000000003670000 	/usr/lib/system/libsystem_trace.dylib
0x0000000003670000 	/usr/lib/system/libunc.dylib
0x0000000003670000 	/usr/lib/system/libunwind.dylib
0x0000000003670000 	/usr/lib/system/libxpc.dylib
0x0000000003670000 	/usr/lib/libenergytrace.dylib
0x0000000003670000 	/usr/lib/libbsm.0.dylib
0x0000000003670000 	/usr/lib/system/libkxld.dylib
0x0000000003670000 	/usr/lib/libxar.1.dylib
0x0000000003670000 	/usr/lib/libsqlite3.dylib
0x0000000003670000 	/usr/lib/libpam.2.dylib
0x0000000003670000 	/usr/lib/libOpenScriptingUtil.dylib
0x0000000003670000 	/usr/lib/libbz2.1.0.dylib
0x0000000003670000 	/usr/lib/liblzma.5.dylib
0x0000000003670000 	/System/Library/Frameworks/CoreServices.framework/Versions/A/Frameworks/FSEvents.framework/Versions/A/FSEvents
0x0000000003670000 	/System/Library/Frameworks/CoreServices.framework/Versions/A/Frameworks/CarbonCore.framework/Versions/A/CarbonCore
0x0000000003670000 	/System/Library/Frameworks/CoreServices.framework/Versions/A/Frameworks/Metadata.framework/Versions/A/Metadata
0x0000000003670000 	/System/Library/Frameworks/CoreServices.framework/Versions/A/Frameworks/OSServices.framework/Versions/A/OSServices
0x0000000003670000 	/System/Library/Frameworks/CoreServices.framework/Versions/A/Frameworks/SearchKit.framework/Versions/A/SearchKit
0x0000000003670000 	/System/Library/Frameworks/CoreServices.framework/Versions/A/Frameworks/AE.framework/Versions/A/AE
0x0000000003670000 	/System/Library/Frameworks/CoreServices.framework/Versions/A/Frameworks/LaunchServices.framework/Versions/A/LaunchServices
0x0000000003670000 	/System/Library/Frameworks/CoreServices.framework/Versions/A/Frameworks/DictionaryServices.framework/Versions/A/DictionaryServices
0x0000000003670000 	/System/Library/Frameworks/CoreServices.framework/Versions/A/Frameworks/SharedFileList.framework/Versions/A/SharedFileList
0x0000000003670000 	/System/Library/Frameworks/NetFS.framework/Versions/A/NetFS
0x0000000003670000 	/System/Library/PrivateFrameworks/NetAuth.framework/Versions/A/NetAuth
0x0000000003670000 	/System/Library/PrivateFrameworks/login.framework/Versions/A/Frameworks/loginsupport.framework/Versions/A/loginsupport
0x0000000003670000 	/System/Library/PrivateFrameworks/TCC.framework/Versions/A/TCC
0x0000000003670000 	/usr/lib/libmecabra.dylib
0x0000000003670000 	/System/Library/Frameworks/ApplicationServices.framework/Versions/A/Frameworks/ATS.framework/Versions/A/ATS
0x0000000003670000 	/System/Library/Frameworks/ApplicationServices.framework/Versions/A/Frameworks/ColorSync.framework/Versions/A/ColorSync
0x0000000003670000 	/System/Library/Frameworks/ApplicationServices.framework/Versions/A/Frameworks/HIServices.framework/Versions/A/HIServices
0x0000000003670000 	/System/Library/Frameworks/ApplicationServices.framework/Versions/A/Frameworks/LangAnalysis.framework/Versions/A/LangAnalysis
0x0000000003670000 	/System/Library/Frameworks/ApplicationServices.framework/Versions/A/Frameworks/PrintCore.framework/Versions/A/PrintCore
0x0000000003670000 	/System/Library/Frameworks/ApplicationServices.framework/Versions/A/Frameworks/QD.framework/Versions/A/QD
0x0000000003670000 	/System/Library/Frameworks/ApplicationServices.framework/Versions/A/Frameworks/SpeechSynthesis.framework/Versions/A/SpeechSynthesis
0x0000000003670000 	/System/Library/Frameworks/Metal.framework/Versions/A/Metal
0x0000000003670000 	/System/Library/Frameworks/Accelerate.framework/Versions/A/Frameworks/vImage.framework/Versions/A/vImage
0x0000000003670000 	/System/Library/Frameworks/Accelerate.framework/Versions/A/Frameworks/vecLib.framework/Versions/A/vecLib
0x0000000003670000 	/System/Library/Frameworks/Accelerate.framework/Versions/A/Frameworks/vecLib.framework/Versions/A/libvDSP.dylib
0x0000000003670000 	/System/Library/Frameworks/Accelerate.framework/Versions/A/Frameworks/vecLib.framework/Versions/A/libvMisc.dylib
0x0000000003670000 	/System/Library/Frameworks/Accelerate.framework/Versions/A/Frameworks/vecLib.framework/Versions/A/libLAPACK.dylib
0x0000000003670000 	/System/Library/Frameworks/Accelerate.framework/Versions/A/Frameworks/vecLib.framework/Versions/A/libBLAS.dylib
0x0000000003670000 	/System/Library/Frameworks/Accelerate.framework/Versions/A/Frameworks/vecLib.framework/Versions/A/libLinearAlgebra.dylib
0x0000000003670000 	/System/Library/Frameworks/Accelerate.framework/Versions/A/Frameworks/vecLib.framework/Versions/A/libSparseBLAS.dylib
0x0000000003670000 	/System/Library/PrivateFrameworks/GPUCompiler.framework/libmetal_timestamp.dylib
0x0000000003670000 	/System/Library/Frameworks/OpenGL.framework/Versions/A/Libraries/libCoreFSCache.dylib
0x0000000003670000 	/System/Library/PrivateFrameworks/IOAccelerator.framework/Versions/A/IOAccelerator
0x0000000003670000 	/System/Library/Frameworks/ApplicationServices.framework/Versions/A/Frameworks/ATS.framework/Versions/A/Resources/libFontParser.dylib
0x0000000003670000 	/System/Library/Frameworks/ApplicationServices.framework/Versions/A/Frameworks/ATS.framework/Versions/A/Resources/libFontRegistry.dylib
0x0000000003670000 	/System/Library/PrivateFrameworks/AppleVPA.framework/Versions/A/AppleVPA
0x0000000003670000 	/System/Library/PrivateFrameworks/AppleJPEG.framework/Versions/A/AppleJPEG
0x0000000003670000 	/System/Library/Frameworks/ImageIO.framework/Versions/A/Resources/libJPEG.dylib
0x0000000003670000 	/System/Library/Frameworks/ImageIO.framework/Versions/A/Resources/libTIFF.dylib
0x0000000003670000 	/System/Library/Frameworks/ImageIO.framework/Versions/A/Resources/libPng.dylib
0x0000000003670000 	/System/Library/Frameworks/ImageIO.framework/Versions/A/Resources/libGIF.dylib
0x0000000003670000 	/System/Library/Frameworks/ImageIO.framework/Versions/A/Resources/libJP2.dylib
0x0000000003670000 	/System/Library/Frameworks/ImageIO.framework/Versions/A/Resources/libRadiance.dylib
0x0000000003670000 	/System/Library/Frameworks/CoreVideo.framework/Versions/A/CoreVideo
0x0000000003670000 	/System/Library/Frameworks/OpenGL.framework/Versions/A/Libraries/libGLU.dylib
0x0000000003670000 	/System/Library/Frameworks/OpenGL.framework/Versions/A/Libraries/libGFXShared.dylib
0x0000000003670000 	/System/Library/Frameworks/OpenGL.framework/Versions/A/Libraries/libGL.dylib
0x0000000003670000 	/System/Library/Frameworks/OpenGL.framework/Versions/A/Libraries/libGLImage.dylib
0x0000000003670000 	/System/Library/Frameworks/OpenGL.framework/Versions/A/Libraries/libCVMSPluginSupport.dylib
0x0000000003670000 	/System/Library/Frameworks/OpenGL.framework/Versions/A/Libraries/libCoreVMClient.dylib
0x0000000003670000 	/usr/lib/libcompression.dylib
0x0000000003670000 	/usr/lib/libcups.2.dylib
0x0000000003670000 	/System/Library/Frameworks/Kerberos.framework/Versions/A/Kerberos
0x0000000003670000 	/System/Library/Frameworks/GSS.framework/Versions/A/GSS
0x0000000003670000 	/usr/lib/libresolv.9.dylib
0x0000000003670000 	/usr/lib/libiconv.2.dylib
0x0000000003670000 	/System/Library/PrivateFrameworks/Heimdal.framework/Versions/A/Heimdal
0x0000000003670000 	/usr/lib/libheimdal-asn1.dylib
0x0000000003670000 	/System/Library/Frameworks/OpenDirectory.framework/Versions/A/OpenDirectory
0x0000000003670000 	/System/Library/PrivateFrameworks/CommonAuth.framework/Versions/A/CommonAuth
0x0000000003670000 	/System/Library/Frameworks/OpenDirectory.framework/Versions/A/Frameworks/CFOpenDirectory.framework/Versions/A/CFOpenDirectory
0x0000000003670000 	/System/Library/Frameworks/SecurityFoundation.framework/Versions/A/SecurityFoundation
0x0000000003670000 	/System/Library/PrivateFrameworks/LanguageModeling.framework/Versions/A/LanguageModeling
0x0000000003670000 	/usr/lib/libmarisa.dylib
0x0000000003670000 	/usr/lib/libChineseTokenizer.dylib
0x0000000003670000 	/usr/lib/libcmph.dylib
0x0000000003670000 	/System/Library/Frameworks/ServiceManagement.framework/Versions/A/ServiceManagement
0x0000000003670000 	/usr/lib/libxslt.1.dylib
0x0000000003670000 	/System/Library/Frameworks/Carbon.framework/Versions/A/Frameworks/Ink.framework/Versions/A/Ink
0x0000000003670000 	/usr/lib/libFosl_dynamic.dylib
0x0000000003670000 	/System/Library/PrivateFrameworks/FaceCore.framework/Versions/A/FaceCore
0x0000000003670000 	/System/Library/Frameworks/OpenCL.framework/Versions/A/OpenCL
0x0000000003670000 	/System/Library/PrivateFrameworks/CrashReporterSupport.framework/Versions/A/CrashReporterSupport
0x0000000003670000 	/System/Library/PrivateFrameworks/IconServices.framework/Versions/A/IconServices
0x0000000003670000 	/System/Library/PrivateFrameworks/Apple80211.framework/Versions/A/Apple80211
0x0000000003670000 	/System/Library/Frameworks/CoreWLAN.framework/Versions/A/CoreWLAN
0x0000000003670000 	/System/Library/Frameworks/IOBluetooth.framework/Versions/A/IOBluetooth
0x0000000003670000 	/System/Library/PrivateFrameworks/CoreWiFi.framework/Versions/A/CoreWiFi
0x0000000003670000 	/System/Library/Frameworks/CoreBluetooth.framework/Versions/A/CoreBluetooth
0x0000000003670000 	/System/Library/PrivateFrameworks/ChunkingLibrary.framework/Versions/A/ChunkingLibrary
0x0000000003670000 	/System/Library/PrivateFrameworks/DebugSymbols.framework/Versions/A/DebugSymbols
0x0000000003670000 	/System/Library/PrivateFrameworks/CoreSymbolication.framework/Versions/A/CoreSymbolication
0x0000000003670000 	/System/Library/PrivateFrameworks/Symbolication.framework/Versions/A/Symbolication
0x0000000003670000 	/System/Library/PrivateFrameworks/SpeechRecognitionCore.framework/Versions/A/SpeechRecognitionCore
0x0000000109c4c000 	/Library/Java/JavaVirtualMachines/jdk1.8.0_40.jdk/Contents/Home/jre/lib/server/libjvm.dylib
0x0000000003670000 	/usr/lib/libstdc++.6.dylib
0x000000010abb9000 	/Library/Java/JavaVirtualMachines/jdk1.8.0_40.jdk/Contents/Home/jre/lib/libverify.dylib
0x000000010abc7000 	/Library/Java/JavaVirtualMachines/jdk1.8.0_40.jdk/Contents/Home/jre/lib/libjava.dylib
0x000000010b408000 	/Library/Java/JavaVirtualMachines/jdk1.8.0_40.jdk/Contents/Home/jre/lib/libzip.dylib
0x000000011e80a000 	/System/Library/Frameworks/JavaVM.framework/Frameworks/JavaRuntimeSupport.framework/JavaRuntimeSupport
0x000000011e825000 	/System/Library/Frameworks/JavaVM.framework/Versions/A/Frameworks/JavaNativeFoundation.framework/Versions/A/JavaNativeFoundation
0x000000011e83a000 	/System/Library/Frameworks/JavaVM.framework/Versions/A/JavaVM
0x0000000003670000 	/System/Library/Frameworks/Carbon.framework/Versions/A/Carbon
0x000000011e847000 	/System/Library/PrivateFrameworks/JavaLaunching.framework/Versions/A/JavaLaunching
0x0000000003670000 	/System/Library/Frameworks/Carbon.framework/Versions/A/Frameworks/CommonPanels.framework/Versions/A/CommonPanels
0x0000000003670000 	/System/Library/Frameworks/Carbon.framework/Versions/A/Frameworks/Help.framework/Versions/A/Help
0x0000000003670000 	/System/Library/Frameworks/Carbon.framework/Versions/A/Frameworks/ImageCapture.framework/Versions/A/ImageCapture
0x0000000003670000 	/System/Library/Frameworks/Carbon.framework/Versions/A/Frameworks/OpenScripting.framework/Versions/A/OpenScripting
0x0000000003670000 	/System/Library/Frameworks/Carbon.framework/Versions/A/Frameworks/Print.framework/Versions/A/Print
0x0000000003670000 	/System/Library/Frameworks/Carbon.framework/Versions/A/Frameworks/SecurityHI.framework/Versions/A/SecurityHI
0x0000000120202000 	/Library/Java/JavaVirtualMachines/jdk1.8.0_40.jdk/Contents/Home/jre/lib/libprism_es2.dylib
0x0000000003670000 	/System/Library/Frameworks/OpenGL.framework/Versions/A/Resources/GLEngine.bundle/GLEngine
0x0000000003670000 	/System/Library/Frameworks/OpenGL.framework/Versions/A/Libraries/libGLProgrammability.dylib
0x0000000120283000 	/System/Library/Extensions/AppleIntelHD4000GraphicsGLDriver.bundle/Contents/MacOS/AppleIntelHD4000GraphicsGLDriver
0x0000000003670000 	/System/Library/PrivateFrameworks/GPUSupport.framework/Versions/A/Libraries/libGPUSupportMercury.dylib
0x0000000003670000 	/System/Library/Frameworks/OpenGL.framework/Versions/A/Resources/GLRendererFloat.bundle/GLRendererFloat
0x0000000003670000 	/System/Library/Frameworks/OpenCL.framework/Versions/A/Libraries/libcldcpuengine.dylib
0x0000000003670000 	/System/Library/PrivateFrameworks/DiskImages.framework/Versions/A/DiskImages
0x0000000003670000 	/System/Library/Frameworks/DiscRecording.framework/Versions/A/DiscRecording
0x0000000003670000 	/usr/lib/libcsfde.dylib
0x0000000003670000 	/usr/lib/libcurl.4.dylib
0x0000000003670000 	/System/Library/PrivateFrameworks/MediaKit.framework/Versions/A/MediaKit
0x0000000003670000 	/System/Library/PrivateFrameworks/ProtectedCloudStorage.framework/Versions/A/ProtectedCloudStorage
0x0000000003670000 	/usr/lib/libCoreStorage.dylib
0x0000000003670000 	/System/Library/PrivateFrameworks/EFILogin.framework/Versions/A/EFILogin
0x0000000003670000 	/usr/lib/libutil.dylib
0x0000000003670000 	/System/Library/PrivateFrameworks/FindMyDevice.framework/Versions/A/FindMyDevice
0x0000000003670000 	/System/Library/Frameworks/LDAP.framework/Versions/A/LDAP
0x0000000003670000 	/usr/lib/libsasl2.2.dylib
0x0000000003670000 	/System/Library/PrivateFrameworks/CoreDaemon.framework/Versions/B/CoreDaemon
0x0000000003670000 	/usr/lib/libcrypto.0.9.8.dylib
0x0000000003670000 	/System/Library/PrivateFrameworks/AppleSRP.framework/Versions/A/AppleSRP
0x0000000003670000 	/System/Library/PrivateFrameworks/TrustEvaluationAgent.framework/Versions/A/TrustEvaluationAgent
0x0000000120d7c000 	/Library/Java/JavaVirtualMachines/jdk1.8.0_40.jdk/Contents/Home/jre/lib/libglass.dylib
0x0000000003670000 	/System/Library/PrivateFrameworks/CoreServicesInternal.framework/Versions/A/CoreServicesInternal
0x0000000003670000 	/System/Library/CoreServices/RawCamera.bundle/Contents/MacOS/RawCamera
0x0000000003670000 	/System/Library/Frameworks/CoreGraphics.framework/Versions/A/Resources/libRIP.A.dylib
0x0000000003670000 	/System/Library/Frameworks/Accelerate.framework/Versions/A/Frameworks/vImage.framework/Versions/A/Libraries/libCGInterfaces.dylib
0x0000000003670000 	/System/Library/PrivateFrameworks/FamilyControls.framework/Versions/A/FamilyControls
0x0000000003670000 	/System/Library/PrivateFrameworks/CommerceKit.framework/Versions/A/Frameworks/CommerceCore.framework/Versions/A/CommerceCore
0x0000000003670000 	/System/Library/PrivateFrameworks/SystemAdministration.framework/Versions/A/SystemAdministration
0x0000000003670000 	/System/Library/PrivateFrameworks/AppContainer.framework/Versions/A/AppContainer
0x0000000003670000 	/System/Library/PrivateFrameworks/SecCodeWrapper.framework/Versions/A/SecCodeWrapper
0x0000000003670000 	/System/Library/Frameworks/DirectoryService.framework/Versions/A/DirectoryService
0x0000000003670000 	/System/Library/PrivateFrameworks/LoginUIKit.framework/Versions/A/Frameworks/LoginUICore.framework/Versions/A/LoginUICore
0x0000000003670000 	/usr/lib/libodfde.dylib

VM Arguments:
jvm_args: -Dfile.encoding=UTF-8 
java_command: logic.Main
java_class_path (initial): /Users/davide/Desktop/ProjectZETA/trunk/bin
Launcher Type: SUN_STANDARD

Environment Variables:
PATH=/usr/bin:/bin:/usr/sbin:/sbin
SHELL=/bin/bash

Signal Handlers:
SIGSEGV: [libjvm.dylib+0x58ef95], sa_mask[0]=11111111011111110111111111111111, sa_flags=SA_ONSTACK|SA_RESTART|SA_SIGINFO
SIGBUS: [libjvm.dylib+0x58ef95], sa_mask[0]=11111111011111110111111111111111, sa_flags=SA_RESTART|SA_SIGINFO
SIGFPE: [libjvm.dylib+0x46c118], sa_mask[0]=11111111011111110111111111111111, sa_flags=SA_RESTART|SA_SIGINFO
SIGPIPE: [libjvm.dylib+0x46c118], sa_mask[0]=11111111011111110111111111111111, sa_flags=SA_RESTART|SA_SIGINFO
SIGXFSZ: [libjvm.dylib+0x46c118], sa_mask[0]=11111111011111110111111111111111, sa_flags=SA_RESTART|SA_SIGINFO
SIGILL: [libjvm.dylib+0x46c118], sa_mask[0]=11111111011111110111111111111111, sa_flags=SA_RESTART|SA_SIGINFO
SIGUSR1: SIG_DFL, sa_mask[0]=00000000000000000000000000000000, sa_flags=none
SIGUSR2: [libjvm.dylib+0x46bc36], sa_mask[0]=00100000000000000000000000000000, sa_flags=SA_RESTART|SA_SIGINFO
SIGHUP: [libjvm.dylib+0x46a209], sa_mask[0]=11111111011111110111111111111111, sa_flags=SA_RESTART|SA_SIGINFO
SIGINT: [libjvm.dylib+0x46a209], sa_mask[0]=11111111011111110111111111111111, sa_flags=SA_RESTART|SA_SIGINFO
SIGTERM: [libjvm.dylib+0x46a209], sa_mask[0]=11111111011111110111111111111111, sa_flags=SA_RESTART|SA_SIGINFO
SIGQUIT: [libjvm.dylib+0x46a209], sa_mask[0]=11111111011111110111111111111111, sa_flags=SA_RESTART|SA_SIGINFO


---------------  S Y S T E M  ---------------

OS:Bsduname:Darwin 15.6.0 Darwin Kernel Version 15.6.0: Thu Jun 23 18:25:34 PDT 2016; root:xnu-3248.60.10~1/RELEASE_X86_64 x86_64
rlimit: STACK 8192k, CORE 0k, NPROC 709, NOFILE 10240, AS infinity
load average:2.28 2.25 2.42

CPU:total 4 (2 cores per cpu, 2 threads per core) family 6 model 58 stepping 9, cmov, cx8, fxsr, mmx, sse, sse2, sse3, ssse3, sse4.1, sse4.2, popcnt, avx, aes, clmul, erms, ht, tsc, tscinvbit, tscinv

Memory: 4k page, physical 4194304k(28596k free)

/proc/meminfo:


vm_info: Java HotSpot(TM) 64-Bit Server VM (25.40-b25) for bsd-amd64 JRE (1.8.0_40-b27), built on Mar 13 2015 04:46:52 by "java_re" with gcc 4.2.1 (Based on Apple Inc. build 5658) (LLVM build 2336.11.00)

time: Fri Dec 13 18:46:12 2019
elapsed time: 0 seconds (0d 0h 0m 0s)

